Determining size of bool failed with the following output:
Change Dir: /home/andrew/Dropbox/School/rcos/dr-vis/dynamorio/build/CMakeFiles/CMakeTmp

Run Build Command:/usr/bin/make "cmTryCompileExec1077468719/fast"
/usr/bin/make -f CMakeFiles/cmTryCompileExec1077468719.dir/build.make CMakeFiles/cmTryCompileExec1077468719.dir/build
make[1]: Entering directory `/home/andrew/Dropbox/School/rcos/dr-vis/dynamorio/build/CMakeFiles/CMakeTmp'
/usr/bin/cmake -E cmake_progress_report /home/andrew/Dropbox/School/rcos/dr-vis/dynamorio/build/CMakeFiles/CMakeTmp/CMakeFiles 1
Building C object CMakeFiles/cmTryCompileExec1077468719.dir/DR_DO_NOT_DEFINE_bool.c.o
/usr/bin/cc    -o CMakeFiles/cmTryCompileExec1077468719.dir/DR_DO_NOT_DEFINE_bool.c.o   -c /home/andrew/Dropbox/School/rcos/dr-vis/dynamorio/build/CMakeFiles/CheckTypeSize/DR_DO_NOT_DEFINE_bool.c
/home/andrew/Dropbox/School/rcos/dr-vis/dynamorio/build/CMakeFiles/CheckTypeSize/DR_DO_NOT_DEFINE_bool.c:17:22: error: 'bool' undeclared here (not in a function)
 #define SIZE (sizeof(bool))
                      ^
/home/andrew/Dropbox/School/rcos/dr-vis/dynamorio/build/CMakeFiles/CheckTypeSize/DR_DO_NOT_DEFINE_bool.c:19:12: note: in expansion of macro 'SIZE'
   ('0' + ((SIZE / 10000)%10)),
            ^
make[1]: *** [CMakeFiles/cmTryCompileExec1077468719.dir/DR_DO_NOT_DEFINE_bool.c.o] Error 1
make[1]: Leaving directory `/home/andrew/Dropbox/School/rcos/dr-vis/dynamorio/build/CMakeFiles/CMakeTmp'
make: *** [cmTryCompileExec1077468719/fast] Error 2

/home/andrew/Dropbox/School/rcos/dr-vis/dynamorio/build/CMakeFiles/CheckTypeSize/DR_DO_NOT_DEFINE_bool.c:
#include <sys/types.h>
#include <stdint.h>
#include <stddef.h>


#undef KEY
#if defined(__i386)
# define KEY '_','_','i','3','8','6'
#elif defined(__x86_64)
# define KEY '_','_','x','8','6','_','6','4'
#elif defined(__ppc__)
# define KEY '_','_','p','p','c','_','_'
#elif defined(__ppc64__)
# define KEY '_','_','p','p','c','6','4','_','_'
#endif

#define SIZE (sizeof(bool))
char info_size[] =  {'I', 'N', 'F', 'O', ':', 's','i','z','e','[',
  ('0' + ((SIZE / 10000)%10)),
  ('0' + ((SIZE / 1000)%10)),
  ('0' + ((SIZE / 100)%10)),
  ('0' + ((SIZE / 10)%10)),
  ('0' +  (SIZE    % 10)),
  ']',
#ifdef KEY
  ' ','k','e','y','[', KEY, ']',
#endif
  '\0'};

#ifdef __CLASSIC_C__
int main(argc, argv) int argc; char *argv[];
#else
int main(int argc, char *argv[])
#endif
{
  int require = 0;
  require += info_size[argc];
  (void)argv;
  return require;
}


Determining size of byte failed with the following output:
Change Dir: /home/andrew/Dropbox/School/rcos/dr-vis/dynamorio/build/CMakeFiles/CMakeTmp

Run Build Command:/usr/bin/make "cmTryCompileExec1312948411/fast"
/usr/bin/make -f CMakeFiles/cmTryCompileExec1312948411.dir/build.make CMakeFiles/cmTryCompileExec1312948411.dir/build
make[1]: Entering directory `/home/andrew/Dropbox/School/rcos/dr-vis/dynamorio/build/CMakeFiles/CMakeTmp'
/usr/bin/cmake -E cmake_progress_report /home/andrew/Dropbox/School/rcos/dr-vis/dynamorio/build/CMakeFiles/CMakeTmp/CMakeFiles 1
Building C object CMakeFiles/cmTryCompileExec1312948411.dir/DR_DO_NOT_DEFINE_byte.c.o
/usr/bin/cc    -o CMakeFiles/cmTryCompileExec1312948411.dir/DR_DO_NOT_DEFINE_byte.c.o   -c /home/andrew/Dropbox/School/rcos/dr-vis/dynamorio/build/CMakeFiles/CheckTypeSize/DR_DO_NOT_DEFINE_byte.c
/home/andrew/Dropbox/School/rcos/dr-vis/dynamorio/build/CMakeFiles/CheckTypeSize/DR_DO_NOT_DEFINE_byte.c:17:22: error: 'byte' undeclared here (not in a function)
 #define SIZE (sizeof(byte))
                      ^
/home/andrew/Dropbox/School/rcos/dr-vis/dynamorio/build/CMakeFiles/CheckTypeSize/DR_DO_NOT_DEFINE_byte.c:19:12: note: in expansion of macro 'SIZE'
   ('0' + ((SIZE / 10000)%10)),
            ^
make[1]: *** [CMakeFiles/cmTryCompileExec1312948411.dir/DR_DO_NOT_DEFINE_byte.c.o] Error 1
make[1]: Leaving directory `/home/andrew/Dropbox/School/rcos/dr-vis/dynamorio/build/CMakeFiles/CMakeTmp'
make: *** [cmTryCompileExec1312948411/fast] Error 2

/home/andrew/Dropbox/School/rcos/dr-vis/dynamorio/build/CMakeFiles/CheckTypeSize/DR_DO_NOT_DEFINE_byte.c:
#include <sys/types.h>
#include <stdint.h>
#include <stddef.h>


#undef KEY
#if defined(__i386)
# define KEY '_','_','i','3','8','6'
#elif defined(__x86_64)
# define KEY '_','_','x','8','6','_','6','4'
#elif defined(__ppc__)
# define KEY '_','_','p','p','c','_','_'
#elif defined(__ppc64__)
# define KEY '_','_','p','p','c','6','4','_','_'
#endif

#define SIZE (sizeof(byte))
char info_size[] =  {'I', 'N', 'F', 'O', ':', 's','i','z','e','[',
  ('0' + ((SIZE / 10000)%10)),
  ('0' + ((SIZE / 1000)%10)),
  ('0' + ((SIZE / 100)%10)),
  ('0' + ((SIZE / 10)%10)),
  ('0' +  (SIZE    % 10)),
  ']',
#ifdef KEY
  ' ','k','e','y','[', KEY, ']',
#endif
  '\0'};

#ifdef __CLASSIC_C__
int main(argc, argv) int argc; char *argv[];
#else
int main(int argc, char *argv[])
#endif
{
  int require = 0;
  require += info_size[argc];
  (void)argv;
  return require;
}


Determining size of sbyte failed with the following output:
Change Dir: /home/andrew/Dropbox/School/rcos/dr-vis/dynamorio/build/CMakeFiles/CMakeTmp

Run Build Command:/usr/bin/make "cmTryCompileExec1638722823/fast"
/usr/bin/make -f CMakeFiles/cmTryCompileExec1638722823.dir/build.make CMakeFiles/cmTryCompileExec1638722823.dir/build
make[1]: Entering directory `/home/andrew/Dropbox/School/rcos/dr-vis/dynamorio/build/CMakeFiles/CMakeTmp'
/usr/bin/cmake -E cmake_progress_report /home/andrew/Dropbox/School/rcos/dr-vis/dynamorio/build/CMakeFiles/CMakeTmp/CMakeFiles 1
Building C object CMakeFiles/cmTryCompileExec1638722823.dir/DR_DO_NOT_DEFINE_sbyte.c.o
/usr/bin/cc    -o CMakeFiles/cmTryCompileExec1638722823.dir/DR_DO_NOT_DEFINE_sbyte.c.o   -c /home/andrew/Dropbox/School/rcos/dr-vis/dynamorio/build/CMakeFiles/CheckTypeSize/DR_DO_NOT_DEFINE_sbyte.c
/home/andrew/Dropbox/School/rcos/dr-vis/dynamorio/build/CMakeFiles/CheckTypeSize/DR_DO_NOT_DEFINE_sbyte.c:17:22: error: 'sbyte' undeclared here (not in a function)
 #define SIZE (sizeof(sbyte))
                      ^
/home/andrew/Dropbox/School/rcos/dr-vis/dynamorio/build/CMakeFiles/CheckTypeSize/DR_DO_NOT_DEFINE_sbyte.c:19:12: note: in expansion of macro 'SIZE'
   ('0' + ((SIZE / 10000)%10)),
            ^
make[1]: *** [CMakeFiles/cmTryCompileExec1638722823.dir/DR_DO_NOT_DEFINE_sbyte.c.o] Error 1
make[1]: Leaving directory `/home/andrew/Dropbox/School/rcos/dr-vis/dynamorio/build/CMakeFiles/CMakeTmp'
make: *** [cmTryCompileExec1638722823/fast] Error 2

/home/andrew/Dropbox/School/rcos/dr-vis/dynamorio/build/CMakeFiles/CheckTypeSize/DR_DO_NOT_DEFINE_sbyte.c:
#include <sys/types.h>
#include <stdint.h>
#include <stddef.h>


#undef KEY
#if defined(__i386)
# define KEY '_','_','i','3','8','6'
#elif defined(__x86_64)
# define KEY '_','_','x','8','6','_','6','4'
#elif defined(__ppc__)
# define KEY '_','_','p','p','c','_','_'
#elif defined(__ppc64__)
# define KEY '_','_','p','p','c','6','4','_','_'
#endif

#define SIZE (sizeof(sbyte))
char info_size[] =  {'I', 'N', 'F', 'O', ':', 's','i','z','e','[',
  ('0' + ((SIZE / 10000)%10)),
  ('0' + ((SIZE / 1000)%10)),
  ('0' + ((SIZE / 100)%10)),
  ('0' + ((SIZE / 10)%10)),
  ('0' +  (SIZE    % 10)),
  ']',
#ifdef KEY
  ' ','k','e','y','[', KEY, ']',
#endif
  '\0'};

#ifdef __CLASSIC_C__
int main(argc, argv) int argc; char *argv[];
#else
int main(int argc, char *argv[])
#endif
{
  int require = 0;
  require += info_size[argc];
  (void)argv;
  return require;
}


Determining size of uint32 failed with the following output:
Change Dir: /home/andrew/Dropbox/School/rcos/dr-vis/dynamorio/build/CMakeFiles/CMakeTmp

Run Build Command:/usr/bin/make "cmTryCompileExec1065157171/fast"
/usr/bin/make -f CMakeFiles/cmTryCompileExec1065157171.dir/build.make CMakeFiles/cmTryCompileExec1065157171.dir/build
make[1]: Entering directory `/home/andrew/Dropbox/School/rcos/dr-vis/dynamorio/build/CMakeFiles/CMakeTmp'
/usr/bin/cmake -E cmake_progress_report /home/andrew/Dropbox/School/rcos/dr-vis/dynamorio/build/CMakeFiles/CMakeTmp/CMakeFiles 1
Building C object CMakeFiles/cmTryCompileExec1065157171.dir/DR_DO_NOT_DEFINE_uint32.c.o
/usr/bin/cc    -o CMakeFiles/cmTryCompileExec1065157171.dir/DR_DO_NOT_DEFINE_uint32.c.o   -c /home/andrew/Dropbox/School/rcos/dr-vis/dynamorio/build/CMakeFiles/CheckTypeSize/DR_DO_NOT_DEFINE_uint32.c
/home/andrew/Dropbox/School/rcos/dr-vis/dynamorio/build/CMakeFiles/CheckTypeSize/DR_DO_NOT_DEFINE_uint32.c:17:22: error: 'uint32' undeclared here (not in a function)
 #define SIZE (sizeof(uint32))
                      ^
/home/andrew/Dropbox/School/rcos/dr-vis/dynamorio/build/CMakeFiles/CheckTypeSize/DR_DO_NOT_DEFINE_uint32.c:19:12: note: in expansion of macro 'SIZE'
   ('0' + ((SIZE / 10000)%10)),
            ^
make[1]: *** [CMakeFiles/cmTryCompileExec1065157171.dir/DR_DO_NOT_DEFINE_uint32.c.o] Error 1
make[1]: Leaving directory `/home/andrew/Dropbox/School/rcos/dr-vis/dynamorio/build/CMakeFiles/CMakeTmp'
make: *** [cmTryCompileExec1065157171/fast] Error 2

/home/andrew/Dropbox/School/rcos/dr-vis/dynamorio/build/CMakeFiles/CheckTypeSize/DR_DO_NOT_DEFINE_uint32.c:
#include <sys/types.h>
#include <stdint.h>
#include <stddef.h>


#undef KEY
#if defined(__i386)
# define KEY '_','_','i','3','8','6'
#elif defined(__x86_64)
# define KEY '_','_','x','8','6','_','6','4'
#elif defined(__ppc__)
# define KEY '_','_','p','p','c','_','_'
#elif defined(__ppc64__)
# define KEY '_','_','p','p','c','6','4','_','_'
#endif

#define SIZE (sizeof(uint32))
char info_size[] =  {'I', 'N', 'F', 'O', ':', 's','i','z','e','[',
  ('0' + ((SIZE / 10000)%10)),
  ('0' + ((SIZE / 1000)%10)),
  ('0' + ((SIZE / 100)%10)),
  ('0' + ((SIZE / 10)%10)),
  ('0' +  (SIZE    % 10)),
  ']',
#ifdef KEY
  ' ','k','e','y','[', KEY, ']',
#endif
  '\0'};

#ifdef __CLASSIC_C__
int main(argc, argv) int argc; char *argv[];
#else
int main(int argc, char *argv[])
#endif
{
  int require = 0;
  require += info_size[argc];
  (void)argv;
  return require;
}


Determining size of uint64 failed with the following output:
Change Dir: /home/andrew/Dropbox/School/rcos/dr-vis/dynamorio/build/CMakeFiles/CMakeTmp

Run Build Command:/usr/bin/make "cmTryCompileExec3096062249/fast"
/usr/bin/make -f CMakeFiles/cmTryCompileExec3096062249.dir/build.make CMakeFiles/cmTryCompileExec3096062249.dir/build
make[1]: Entering directory `/home/andrew/Dropbox/School/rcos/dr-vis/dynamorio/build/CMakeFiles/CMakeTmp'
/usr/bin/cmake -E cmake_progress_report /home/andrew/Dropbox/School/rcos/dr-vis/dynamorio/build/CMakeFiles/CMakeTmp/CMakeFiles 1
Building C object CMakeFiles/cmTryCompileExec3096062249.dir/DR_DO_NOT_DEFINE_uint64.c.o
/usr/bin/cc    -o CMakeFiles/cmTryCompileExec3096062249.dir/DR_DO_NOT_DEFINE_uint64.c.o   -c /home/andrew/Dropbox/School/rcos/dr-vis/dynamorio/build/CMakeFiles/CheckTypeSize/DR_DO_NOT_DEFINE_uint64.c
/home/andrew/Dropbox/School/rcos/dr-vis/dynamorio/build/CMakeFiles/CheckTypeSize/DR_DO_NOT_DEFINE_uint64.c:17:22: error: 'uint64' undeclared here (not in a function)
 #define SIZE (sizeof(uint64))
                      ^
/home/andrew/Dropbox/School/rcos/dr-vis/dynamorio/build/CMakeFiles/CheckTypeSize/DR_DO_NOT_DEFINE_uint64.c:19:12: note: in expansion of macro 'SIZE'
   ('0' + ((SIZE / 10000)%10)),
            ^
make[1]: Leaving directory `/home/andrew/Dropbox/School/rcos/dr-vis/dynamorio/build/CMakeFiles/CMakeTmp'
make[1]: *** [CMakeFiles/cmTryCompileExec3096062249.dir/DR_DO_NOT_DEFINE_uint64.c.o] Error 1
make: *** [cmTryCompileExec3096062249/fast] Error 2

/home/andrew/Dropbox/School/rcos/dr-vis/dynamorio/build/CMakeFiles/CheckTypeSize/DR_DO_NOT_DEFINE_uint64.c:
#include <sys/types.h>
#include <stdint.h>
#include <stddef.h>


#undef KEY
#if defined(__i386)
# define KEY '_','_','i','3','8','6'
#elif defined(__x86_64)
# define KEY '_','_','x','8','6','_','6','4'
#elif defined(__ppc__)
# define KEY '_','_','p','p','c','_','_'
#elif defined(__ppc64__)
# define KEY '_','_','p','p','c','6','4','_','_'
#endif

#define SIZE (sizeof(uint64))
char info_size[] =  {'I', 'N', 'F', 'O', ':', 's','i','z','e','[',
  ('0' + ((SIZE / 10000)%10)),
  ('0' + ((SIZE / 1000)%10)),
  ('0' + ((SIZE / 100)%10)),
  ('0' + ((SIZE / 10)%10)),
  ('0' +  (SIZE    % 10)),
  ']',
#ifdef KEY
  ' ','k','e','y','[', KEY, ']',
#endif
  '\0'};

#ifdef __CLASSIC_C__
int main(argc, argv) int argc; char *argv[];
#else
int main(int argc, char *argv[])
#endif
{
  int require = 0;
  require += info_size[argc];
  (void)argv;
  return require;
}


Determining size of int32 failed with the following output:
Change Dir: /home/andrew/Dropbox/School/rcos/dr-vis/dynamorio/build/CMakeFiles/CMakeTmp

Run Build Command:/usr/bin/make "cmTryCompileExec3594910678/fast"
/usr/bin/make -f CMakeFiles/cmTryCompileExec3594910678.dir/build.make CMakeFiles/cmTryCompileExec3594910678.dir/build
make[1]: Entering directory `/home/andrew/Dropbox/School/rcos/dr-vis/dynamorio/build/CMakeFiles/CMakeTmp'
/usr/bin/cmake -E cmake_progress_report /home/andrew/Dropbox/School/rcos/dr-vis/dynamorio/build/CMakeFiles/CMakeTmp/CMakeFiles 1
Building C object CMakeFiles/cmTryCompileExec3594910678.dir/DR_DO_NOT_DEFINE_int32.c.o
/usr/bin/cc    -o CMakeFiles/cmTryCompileExec3594910678.dir/DR_DO_NOT_DEFINE_int32.c.o   -c /home/andrew/Dropbox/School/rcos/dr-vis/dynamorio/build/CMakeFiles/CheckTypeSize/DR_DO_NOT_DEFINE_int32.c
/home/andrew/Dropbox/School/rcos/dr-vis/dynamorio/build/CMakeFiles/CheckTypeSize/DR_DO_NOT_DEFINE_int32.c:17:22: error: 'int32' undeclared here (not in a function)
 #define SIZE (sizeof(int32))
                      ^
/home/andrew/Dropbox/School/rcos/dr-vis/dynamorio/build/CMakeFiles/CheckTypeSize/DR_DO_NOT_DEFINE_int32.c:19:12: note: in expansion of macro 'SIZE'
   ('0' + ((SIZE / 10000)%10)),
            ^
make[1]: *** [CMakeFiles/cmTryCompileExec3594910678.dir/DR_DO_NOT_DEFINE_int32.c.o] Error 1
make[1]: Leaving directory `/home/andrew/Dropbox/School/rcos/dr-vis/dynamorio/build/CMakeFiles/CMakeTmp'
make: *** [cmTryCompileExec3594910678/fast] Error 2

/home/andrew/Dropbox/School/rcos/dr-vis/dynamorio/build/CMakeFiles/CheckTypeSize/DR_DO_NOT_DEFINE_int32.c:
#include <sys/types.h>
#include <stdint.h>
#include <stddef.h>


#undef KEY
#if defined(__i386)
# define KEY '_','_','i','3','8','6'
#elif defined(__x86_64)
# define KEY '_','_','x','8','6','_','6','4'
#elif defined(__ppc__)
# define KEY '_','_','p','p','c','_','_'
#elif defined(__ppc64__)
# define KEY '_','_','p','p','c','6','4','_','_'
#endif

#define SIZE (sizeof(int32))
char info_size[] =  {'I', 'N', 'F', 'O', ':', 's','i','z','e','[',
  ('0' + ((SIZE / 10000)%10)),
  ('0' + ((SIZE / 1000)%10)),
  ('0' + ((SIZE / 100)%10)),
  ('0' + ((SIZE / 10)%10)),
  ('0' +  (SIZE    % 10)),
  ']',
#ifdef KEY
  ' ','k','e','y','[', KEY, ']',
#endif
  '\0'};

#ifdef __CLASSIC_C__
int main(argc, argv) int argc; char *argv[];
#else
int main(int argc, char *argv[])
#endif
{
  int require = 0;
  require += info_size[argc];
  (void)argv;
  return require;
}


Determining size of int64 failed with the following output:
Change Dir: /home/andrew/Dropbox/School/rcos/dr-vis/dynamorio/build/CMakeFiles/CMakeTmp

Run Build Command:/usr/bin/make "cmTryCompileExec454772353/fast"
/usr/bin/make -f CMakeFiles/cmTryCompileExec454772353.dir/build.make CMakeFiles/cmTryCompileExec454772353.dir/build
make[1]: Entering directory `/home/andrew/Dropbox/School/rcos/dr-vis/dynamorio/build/CMakeFiles/CMakeTmp'
/usr/bin/cmake -E cmake_progress_report /home/andrew/Dropbox/School/rcos/dr-vis/dynamorio/build/CMakeFiles/CMakeTmp/CMakeFiles 1
Building C object CMakeFiles/cmTryCompileExec454772353.dir/DR_DO_NOT_DEFINE_int64.c.o
/usr/bin/cc    -o CMakeFiles/cmTryCompileExec454772353.dir/DR_DO_NOT_DEFINE_int64.c.o   -c /home/andrew/Dropbox/School/rcos/dr-vis/dynamorio/build/CMakeFiles/CheckTypeSize/DR_DO_NOT_DEFINE_int64.c
/home/andrew/Dropbox/School/rcos/dr-vis/dynamorio/build/CMakeFiles/CheckTypeSize/DR_DO_NOT_DEFINE_int64.c:17:22: error: 'int64' undeclared here (not in a function)
 #define SIZE (sizeof(int64))
                      ^
/home/andrew/Dropbox/School/rcos/dr-vis/dynamorio/build/CMakeFiles/CheckTypeSize/DR_DO_NOT_DEFINE_int64.c:19:12: note: in expansion of macro 'SIZE'
   ('0' + ((SIZE / 10000)%10)),
            ^
make[1]: *** [CMakeFiles/cmTryCompileExec454772353.dir/DR_DO_NOT_DEFINE_int64.c.o] Error 1
make[1]: Leaving directory `/home/andrew/Dropbox/School/rcos/dr-vis/dynamorio/build/CMakeFiles/CMakeTmp'
make: *** [cmTryCompileExec454772353/fast] Error 2

/home/andrew/Dropbox/School/rcos/dr-vis/dynamorio/build/CMakeFiles/CheckTypeSize/DR_DO_NOT_DEFINE_int64.c:
#include <sys/types.h>
#include <stdint.h>
#include <stddef.h>


#undef KEY
#if defined(__i386)
# define KEY '_','_','i','3','8','6'
#elif defined(__x86_64)
# define KEY '_','_','x','8','6','_','6','4'
#elif defined(__ppc__)
# define KEY '_','_','p','p','c','_','_'
#elif defined(__ppc64__)
# define KEY '_','_','p','p','c','6','4','_','_'
#endif

#define SIZE (sizeof(int64))
char info_size[] =  {'I', 'N', 'F', 'O', ':', 's','i','z','e','[',
  ('0' + ((SIZE / 10000)%10)),
  ('0' + ((SIZE / 1000)%10)),
  ('0' + ((SIZE / 100)%10)),
  ('0' + ((SIZE / 10)%10)),
  ('0' +  (SIZE    % 10)),
  ']',
#ifdef KEY
  ' ','k','e','y','[', KEY, ']',
#endif
  '\0'};

#ifdef __CLASSIC_C__
int main(argc, argv) int argc; char *argv[];
#else
int main(int argc, char *argv[])
#endif
{
  int require = 0;
  require += info_size[argc];
  (void)argv;
  return require;
}


